Vivado Simulator v2025.2
Copyright 1986-2022 Xilinx, Inc. All Rights Reserved.
Copyright 2022-2025 Advanced Micro Devices, Inc. All Rights Reserved.
Running: /home/whirck/AMD/2025.2/Vivado/bin/unwrapped/lnx64.o/xelab --incr --debug typical --relax --mt 8 -L xil_defaultlib -L uvm -L unisims_ver -L unimacro_ver -L secureip --snapshot simMCycleOtter_behav xil_defaultlib.simMCycleOtter xil_defaultlib.glbl -log elaborate.log 
Using 8 slave threads.
WARNING: [XSIM 43-3431] One or more environment variables have been detected which affect the operation of the C compiler. These are typically not set in standard installations and are not tested by AMD, however they may be appropriate for your system, so the flow will attempt to continue.  If errors occur, try running xelab with the "-mt off -v 1" switches to see more information from the C compiler. The following environment variables have been detected:
Starting static elaboration
Pass Through NonSizing Optimizer
Completed static elaboration
Starting simulation data flow analysis
Completed simulation data flow analysis
Time Resolution for simulation is 1ps
Compiling module xil_defaultlib.PC_MUX
Compiling module xil_defaultlib.PC_REG
Compiling module xil_defaultlib.PC
Compiling module xil_defaultlib.Memory
Compiling module xil_defaultlib.FourMux
Compiling module xil_defaultlib.REG_FILE
Compiling module xil_defaultlib.ImmediateGenerator
Compiling module xil_defaultlib.BAG
Compiling module xil_defaultlib.TwoMux
Compiling module xil_defaultlib.ALU
Compiling module xil_defaultlib.BCG
Compiling module xil_defaultlib.CU_DCDR
Compiling module xil_defaultlib.CU_FSM
Compiling module xil_defaultlib.OTTER
Compiling module xil_defaultlib.BCD
Compiling module xil_defaultlib.CathodeDriver
Compiling module xil_defaultlib.SevSegDisp
Compiling module xil_defaultlib.OTTER_Wrapper
Compiling module xil_defaultlib.simMCycleOtter
Compiling module xil_defaultlib.glbl
Built simulation snapshot simMCycleOtter_behav
