
*** Running vivado
    with args -log OTTER_Wrapper.vds -m64 -product Vivado -mode batch -messageDb vivado.pb -notrace -source OTTER_Wrapper.tcl


****** Vivado v2025.2 (64-bit)
  **** SW Build 6299465 on Fri Nov 14 12:34:56 MST 2025
  **** IP Build 6300035 on Fri Nov 14 10:48:45 MST 2025
  **** SharedData Build 6298862 on Thu Nov 13 04:50:51 MST 2025
  **** Start of session at: Tue Jun 30 22:54:15 2026
    ** Copyright 1986-2022 Xilinx, Inc. All Rights Reserved.
    ** Copyright 2022-2025 Advanced Micro Devices, Inc. All Rights Reserved.

source OTTER_Wrapper.tcl -notrace
Command: read_checkpoint -auto_incremental -incremental /home/whirck/Desktop/Sources/2026_Summer/CPE333/02_labs/00_support/OTTER/OTTER_Diego_Curiel/Multicycle_OTTER/Multicycle_OTTER.srcs/utils_1/imports/synth_1/OTTER.dcp
INFO: [Vivado 12-5825] Read reference checkpoint from /home/whirck/Desktop/Sources/2026_Summer/CPE333/02_labs/00_support/OTTER/OTTER_Diego_Curiel/Multicycle_OTTER/Multicycle_OTTER.srcs/utils_1/imports/synth_1/OTTER.dcp for incremental synthesis
INFO: [Vivado 12-7989] Please ensure there are no constraint changes
Command: synth_design -top OTTER_Wrapper -part xc7a35tcpg236-1
Starting synth_design
Attempting to get a license for feature 'Synthesis' and/or device 'xc7a35t'
INFO: [Common 17-349] Got license for feature 'Synthesis' and/or device 'xc7a35t'
INFO: [Device 21-403] Loading part xc7a35tcpg236-1
INFO: [Synth 8-7079] Multithreading enabled for synth_design using a maximum of 7 processes.
INFO: [Synth 8-7078] Launching helper process for spawning children vivado processes
INFO: [Synth 8-7075] Helper process launched with PID 7983
---------------------------------------------------------------------------------
Starting RTL Elaboration : Time (s): cpu = 00:00:03 ; elapsed = 00:00:03 . Memory (MB): peak = 2189.852 ; gain = 484.594 ; free physical = 23954 ; free virtual = 35597
---------------------------------------------------------------------------------
INFO: [Synth 8-6157] synthesizing module 'OTTER_Wrapper' [/home/whirck/Desktop/Sources/2026_Summer/CPE333/02_labs/00_support/OTTER/OTTER_Diego_Curiel/OTTER_Wrapper_v1_02.sv:17]
INFO: [Synth 8-6157] synthesizing module 'OTTER' [/home/whirck/Desktop/Sources/2026_Summer/CPE333/02_labs/00_support/OTTER/OTTER_Diego_Curiel/OTTER.sv:9]
INFO: [Synth 8-6157] synthesizing module 'PC' [/home/whirck/Desktop/Sources/2026_Summer/CPE333/02_labs/00_support/OTTER/OTTER_Diego_Curiel/PC.sv:9]
INFO: [Synth 8-6157] synthesizing module 'PC_MUX' [/home/whirck/Desktop/Sources/2026_Summer/CPE333/02_labs/00_support/OTTER/OTTER_Diego_Curiel/PC_MUX.sv:9]
INFO: [Synth 8-226] default block is never used [/home/whirck/Desktop/Sources/2026_Summer/CPE333/02_labs/00_support/OTTER/OTTER_Diego_Curiel/PC_MUX.sv:22]
INFO: [Synth 8-6155] done synthesizing module 'PC_MUX' (0#1) [/home/whirck/Desktop/Sources/2026_Summer/CPE333/02_labs/00_support/OTTER/OTTER_Diego_Curiel/PC_MUX.sv:9]
INFO: [Synth 8-6157] synthesizing module 'PC_REG' [/home/whirck/Desktop/Sources/2026_Summer/CPE333/02_labs/00_support/OTTER/OTTER_Diego_Curiel/PC_REG.sv:9]
INFO: [Synth 8-6155] done synthesizing module 'PC_REG' (0#1) [/home/whirck/Desktop/Sources/2026_Summer/CPE333/02_labs/00_support/OTTER/OTTER_Diego_Curiel/PC_REG.sv:9]
INFO: [Synth 8-6155] done synthesizing module 'PC' (0#1) [/home/whirck/Desktop/Sources/2026_Summer/CPE333/02_labs/00_support/OTTER/OTTER_Diego_Curiel/PC.sv:9]
INFO: [Synth 8-6157] synthesizing module 'Memory' [/home/whirck/Desktop/Sources/2026_Summer/CPE333/02_labs/00_support/OTTER/OTTER_Diego_Curiel/otter_memory_v1_07.sv:48]
CRITICAL WARNING: [Synth 8-4445] could not open $readmem data file 'performance.mem'; please make sure the file is added to project and has read permission, ignoring [/home/whirck/Desktop/Sources/2026_Summer/CPE333/02_labs/00_support/OTTER/OTTER_Diego_Curiel/otter_memory_v1_07.sv:73]
INFO: [Synth 8-155] case statement is not full and has no default [/home/whirck/Desktop/Sources/2026_Summer/CPE333/02_labs/00_support/OTTER/OTTER_Diego_Curiel/otter_memory_v1_07.sv:95]
INFO: [Synth 8-6155] done synthesizing module 'Memory' (0#1) [/home/whirck/Desktop/Sources/2026_Summer/CPE333/02_labs/00_support/OTTER/OTTER_Diego_Curiel/otter_memory_v1_07.sv:48]
INFO: [Synth 8-6157] synthesizing module 'FourMux' [/home/whirck/Desktop/Sources/2026_Summer/CPE333/02_labs/00_support/OTTER/OTTER_Diego_Curiel/FourMux.sv:9]
INFO: [Synth 8-226] default block is never used [/home/whirck/Desktop/Sources/2026_Summer/CPE333/02_labs/00_support/OTTER/OTTER_Diego_Curiel/FourMux.sv:21]
INFO: [Synth 8-6155] done synthesizing module 'FourMux' (0#1) [/home/whirck/Desktop/Sources/2026_Summer/CPE333/02_labs/00_support/OTTER/OTTER_Diego_Curiel/FourMux.sv:9]
INFO: [Synth 8-6157] synthesizing module 'REG_FILE' [/home/whirck/Desktop/Sources/2026_Summer/CPE333/02_labs/00_support/OTTER/OTTER_Diego_Curiel/REG_FILE.sv:10]
INFO: [Synth 8-6155] done synthesizing module 'REG_FILE' (0#1) [/home/whirck/Desktop/Sources/2026_Summer/CPE333/02_labs/00_support/OTTER/OTTER_Diego_Curiel/REG_FILE.sv:10]
INFO: [Synth 8-6157] synthesizing module 'ImmediateGenerator' [/home/whirck/Desktop/Sources/2026_Summer/CPE333/02_labs/00_support/OTTER/OTTER_Diego_Curiel/ImmediateGenerator.sv:9]
INFO: [Synth 8-6155] done synthesizing module 'ImmediateGenerator' (0#1) [/home/whirck/Desktop/Sources/2026_Summer/CPE333/02_labs/00_support/OTTER/OTTER_Diego_Curiel/ImmediateGenerator.sv:9]
INFO: [Synth 8-6157] synthesizing module 'BAG' [/home/whirck/Desktop/Sources/2026_Summer/CPE333/02_labs/00_support/OTTER/OTTER_Diego_Curiel/BAG.sv:9]
INFO: [Synth 8-6155] done synthesizing module 'BAG' (0#1) [/home/whirck/Desktop/Sources/2026_Summer/CPE333/02_labs/00_support/OTTER/OTTER_Diego_Curiel/BAG.sv:9]
INFO: [Synth 8-6157] synthesizing module 'TwoMux' [/home/whirck/Desktop/Sources/2026_Summer/CPE333/02_labs/00_support/OTTER/OTTER_Diego_Curiel/TwoMux.sv:9]
INFO: [Synth 8-6155] done synthesizing module 'TwoMux' (0#1) [/home/whirck/Desktop/Sources/2026_Summer/CPE333/02_labs/00_support/OTTER/OTTER_Diego_Curiel/TwoMux.sv:9]
INFO: [Synth 8-6157] synthesizing module 'ALU' [/home/whirck/Desktop/Sources/2026_Summer/CPE333/02_labs/00_support/OTTER/OTTER_Diego_Curiel/ALU.sv:9]
INFO: [Synth 8-6155] done synthesizing module 'ALU' (0#1) [/home/whirck/Desktop/Sources/2026_Summer/CPE333/02_labs/00_support/OTTER/OTTER_Diego_Curiel/ALU.sv:9]
INFO: [Synth 8-6157] synthesizing module 'BCG' [/home/whirck/Desktop/Sources/2026_Summer/CPE333/02_labs/00_support/OTTER/OTTER_Diego_Curiel/BCG.sv:9]
INFO: [Synth 8-6155] done synthesizing module 'BCG' (0#1) [/home/whirck/Desktop/Sources/2026_Summer/CPE333/02_labs/00_support/OTTER/OTTER_Diego_Curiel/BCG.sv:9]
INFO: [Synth 8-6157] synthesizing module 'CU_DCDR' [/home/whirck/Desktop/Sources/2026_Summer/CPE333/02_labs/00_support/OTTER/OTTER_Diego_Curiel/CU_DCDR.sv:9]
INFO: [Synth 8-226] default block is never used [/home/whirck/Desktop/Sources/2026_Summer/CPE333/02_labs/00_support/OTTER/OTTER_Diego_Curiel/CU_DCDR.sv:79]
INFO: [Synth 8-155] case statement is not full and has no default [/home/whirck/Desktop/Sources/2026_Summer/CPE333/02_labs/00_support/OTTER/OTTER_Diego_Curiel/CU_DCDR.sv:102]
INFO: [Synth 8-6155] done synthesizing module 'CU_DCDR' (0#1) [/home/whirck/Desktop/Sources/2026_Summer/CPE333/02_labs/00_support/OTTER/OTTER_Diego_Curiel/CU_DCDR.sv:9]
INFO: [Synth 8-6157] synthesizing module 'CU_FSM' [/home/whirck/Desktop/Sources/2026_Summer/CPE333/02_labs/00_support/OTTER/OTTER_Diego_Curiel/CU_FSM.sv:9]
INFO: [Synth 8-6155] done synthesizing module 'CU_FSM' (0#1) [/home/whirck/Desktop/Sources/2026_Summer/CPE333/02_labs/00_support/OTTER/OTTER_Diego_Curiel/CU_FSM.sv:9]
INFO: [Synth 8-6155] done synthesizing module 'OTTER' (0#1) [/home/whirck/Desktop/Sources/2026_Summer/CPE333/02_labs/00_support/OTTER/OTTER_Diego_Curiel/OTTER.sv:9]
INFO: [Synth 8-6157] synthesizing module 'SevSegDisp' [/home/whirck/Desktop/Sources/2026_Summer/CPE333/02_labs/00_support/OTTER/OTTER_Diego_Curiel/SevSegDisp.sv:21]
INFO: [Synth 8-6157] synthesizing module 'BCD' [/home/whirck/Desktop/Sources/2026_Summer/CPE333/02_labs/00_support/OTTER/OTTER_Diego_Curiel/BCD.sv:18]
INFO: [Synth 8-6155] done synthesizing module 'BCD' (0#1) [/home/whirck/Desktop/Sources/2026_Summer/CPE333/02_labs/00_support/OTTER/OTTER_Diego_Curiel/BCD.sv:18]
INFO: [Synth 8-6157] synthesizing module 'CathodeDriver' [/home/whirck/Desktop/Sources/2026_Summer/CPE333/02_labs/00_support/OTTER/OTTER_Diego_Curiel/CathodeDriver.sv:22]
INFO: [Synth 8-226] default block is never used [/home/whirck/Desktop/Sources/2026_Summer/CPE333/02_labs/00_support/OTTER/OTTER_Diego_Curiel/CathodeDriver.sv:46]
INFO: [Synth 8-226] default block is never used [/home/whirck/Desktop/Sources/2026_Summer/CPE333/02_labs/00_support/OTTER/OTTER_Diego_Curiel/CathodeDriver.sv:49]
INFO: [Synth 8-226] default block is never used [/home/whirck/Desktop/Sources/2026_Summer/CPE333/02_labs/00_support/OTTER/OTTER_Diego_Curiel/CathodeDriver.sv:71]
INFO: [Synth 8-226] default block is never used [/home/whirck/Desktop/Sources/2026_Summer/CPE333/02_labs/00_support/OTTER/OTTER_Diego_Curiel/CathodeDriver.sv:93]
INFO: [Synth 8-226] default block is never used [/home/whirck/Desktop/Sources/2026_Summer/CPE333/02_labs/00_support/OTTER/OTTER_Diego_Curiel/CathodeDriver.sv:115]
INFO: [Synth 8-6155] done synthesizing module 'CathodeDriver' (0#1) [/home/whirck/Desktop/Sources/2026_Summer/CPE333/02_labs/00_support/OTTER/OTTER_Diego_Curiel/CathodeDriver.sv:22]
INFO: [Synth 8-6155] done synthesizing module 'SevSegDisp' (0#1) [/home/whirck/Desktop/Sources/2026_Summer/CPE333/02_labs/00_support/OTTER/OTTER_Diego_Curiel/SevSegDisp.sv:21]
INFO: [Synth 8-155] case statement is not full and has no default [/home/whirck/Desktop/Sources/2026_Summer/CPE333/02_labs/00_support/OTTER/OTTER_Diego_Curiel/OTTER_Wrapper_v1_02.sv:78]
INFO: [Synth 8-6155] done synthesizing module 'OTTER_Wrapper' (0#1) [/home/whirck/Desktop/Sources/2026_Summer/CPE333/02_labs/00_support/OTTER/OTTER_Diego_Curiel/OTTER_Wrapper_v1_02.sv:17]
---------------------------------------------------------------------------------
Finished RTL Elaboration : Time (s): cpu = 00:00:04 ; elapsed = 00:00:04 . Memory (MB): peak = 2289.789 ; gain = 584.531 ; free physical = 23828 ; free virtual = 35473
---------------------------------------------------------------------------------
---------------------------------------------------------------------------------
Start Handling Custom Attributes
---------------------------------------------------------------------------------
---------------------------------------------------------------------------------
Finished Handling Custom Attributes : Time (s): cpu = 00:00:04 ; elapsed = 00:00:04 . Memory (MB): peak = 2301.664 ; gain = 596.406 ; free physical = 23828 ; free virtual = 35473
---------------------------------------------------------------------------------
---------------------------------------------------------------------------------
Finished RTL Optimization Phase 1 : Time (s): cpu = 00:00:04 ; elapsed = 00:00:04 . Memory (MB): peak = 2301.664 ; gain = 596.406 ; free physical = 23828 ; free virtual = 35473
---------------------------------------------------------------------------------
Netlist sorting complete. Time (s): cpu = 00:00:00.01 ; elapsed = 00:00:00.01 . Memory (MB): peak = 2301.664 ; gain = 0.000 ; free physical = 23828 ; free virtual = 35473
INFO: [Project 1-570] Preparing netlist for logic optimization

Processing XDC Constraints
Initializing timing engine
Parsing XDC File [/home/whirck/Desktop/Sources/2026_Summer/CPE333/02_labs/00_support/OTTER/OTTER_Diego_Curiel/Basys3_Master.xdc]
Finished Parsing XDC File [/home/whirck/Desktop/Sources/2026_Summer/CPE333/02_labs/00_support/OTTER/OTTER_Diego_Curiel/Basys3_Master.xdc]
INFO: [Project 1-236] Implementation specific constraints were found while reading constraint file [/home/whirck/Desktop/Sources/2026_Summer/CPE333/02_labs/00_support/OTTER/OTTER_Diego_Curiel/Basys3_Master.xdc]. These constraints will be ignored for synthesis but will be used in implementation. Impacted constraints are listed in the file [.Xil/OTTER_Wrapper_propImpl.xdc].
Resolution: To avoid this warning, move constraints listed in [.Xil/OTTER_Wrapper_propImpl.xdc] to another XDC file and exclude this new file from synthesis with the used_in_synthesis property (File Properties dialog in GUI) and re-run elaboration/synthesis.
Completed Processing XDC Constraints

Netlist sorting complete. Time (s): cpu = 00:00:00 ; elapsed = 00:00:00 . Memory (MB): peak = 2403.402 ; gain = 0.000 ; free physical = 23804 ; free virtual = 35464
INFO: [Project 1-111] Unisim Transformation Summary:
No Unisim elements were transformed.

Constraint Validation Runtime : Time (s): cpu = 00:00:00 ; elapsed = 00:00:00 . Memory (MB): peak = 2403.438 ; gain = 0.000 ; free physical = 23803 ; free virtual = 35464
---------------------------------------------------------------------------------
Finished Constraint Validation : Time (s): cpu = 00:00:07 ; elapsed = 00:00:08 . Memory (MB): peak = 2403.438 ; gain = 698.180 ; free physical = 23803 ; free virtual = 35467
---------------------------------------------------------------------------------
---------------------------------------------------------------------------------
Start Loading Part and Timing Information
---------------------------------------------------------------------------------
Loading part: xc7a35tcpg236-1
---------------------------------------------------------------------------------
Finished Loading Part and Timing Information : Time (s): cpu = 00:00:07 ; elapsed = 00:00:08 . Memory (MB): peak = 2411.406 ; gain = 706.148 ; free physical = 23803 ; free virtual = 35467
---------------------------------------------------------------------------------
---------------------------------------------------------------------------------
Start Applying 'set_property' XDC Constraints
---------------------------------------------------------------------------------
---------------------------------------------------------------------------------
Finished applying 'set_property' XDC Constraints : Time (s): cpu = 00:00:07 ; elapsed = 00:00:08 . Memory (MB): peak = 2411.406 ; gain = 706.148 ; free physical = 23803 ; free virtual = 35467
---------------------------------------------------------------------------------
---------------------------------------------------------------------------------
Start Preparing Guide Design
---------------------------------------------------------------------------------
CRITICAL WARNING: [Synth 8-6895] The reference checkpoint /home/whirck/Desktop/Sources/2026_Summer/CPE333/02_labs/00_support/OTTER/OTTER_Diego_Curiel/Multicycle_OTTER/Multicycle_OTTER.srcs/utils_1/imports/synth_1/OTTER.dcp is not suitable for use with incremental synthesis for this design. Please regenerate the checkpoint for this design with -incremental_synth switch in the same Vivado session that synth_design has been run. Synthesis will continue with the default flow
---------------------------------------------------------------------------------
Finished Doing Graph Differ : Time (s): cpu = 00:00:07 ; elapsed = 00:00:08 . Memory (MB): peak = 2411.406 ; gain = 706.148 ; free physical = 23802 ; free virtual = 35467
---------------------------------------------------------------------------------
---------------------------------------------------------------------------------
Finished Preparing Guide Design : Time (s): cpu = 00:00:07 ; elapsed = 00:00:08 . Memory (MB): peak = 2411.406 ; gain = 706.148 ; free physical = 23802 ; free virtual = 35467
---------------------------------------------------------------------------------
INFO: [Synth 8-802] inferred FSM for state register 'PS_reg' in module 'CU_FSM'
---------------------------------------------------------------------------------------------------
                   State |                     New Encoding |                Previous Encoding 
---------------------------------------------------------------------------------------------------
                    INIT |                             0001 | 00000000000000000000000000000000
                   FETCH |                             0010 | 00000000000000000000000000000001
                    EXEC |                             0100 | 00000000000000000000000000000010
              WRITE_BACK |                             1000 | 00000000000000000000000000000011
---------------------------------------------------------------------------------------------------
INFO: [Synth 8-3354] encoded FSM with state register 'PS_reg' using encoding 'one-hot' in module 'CU_FSM'
---------------------------------------------------------------------------------
Finished RTL Optimization Phase 2 : Time (s): cpu = 00:00:08 ; elapsed = 00:00:08 . Memory (MB): peak = 2411.406 ; gain = 706.148 ; free physical = 23809 ; free virtual = 35474
---------------------------------------------------------------------------------


Incremental Synthesis Report Summary:

1. Incremental synthesis run: no

   Reason for not running incremental synthesis : 


INFO: [Synth 8-7130] Flow is switching to default flow due to incremental criteria not met. If you would like to alter this behaviour and have the flow terminate instead, please set the following parameter config_implementation {autoIncr.Synth.RejectBehavior Terminate}
---------------------------------------------------------------------------------
Start RTL Component Statistics 
---------------------------------------------------------------------------------
Detailed RTL Component Info : 
+---Adders : 
	   2 Input   32 Bit       Adders := 5     
	   3 Input   32 Bit       Adders := 1     
	   2 Input   20 Bit       Adders := 1     
	   2 Input    4 Bit       Adders := 34    
	   2 Input    3 Bit       Adders := 7     
	   2 Input    2 Bit       Adders := 1     
+---XORs : 
	   2 Input     32 Bit         XORs := 1     
+---Registers : 
	               32 Bit    Registers := 4     
	               16 Bit    Registers := 2     
	                8 Bit    Registers := 1     
	                4 Bit    Registers := 1     
	                2 Bit    Registers := 1     
	                1 Bit    Registers := 2     
+---RAMs : 
	             512K Bit	(16384 X 32 bit)          RAMs := 1     
	             1024 Bit	(32 X 32 bit)          RAMs := 1     
+---Muxes : 
	   9 Input   32 Bit        Muxes := 2     
	   2 Input   32 Bit        Muxes := 2     
	   4 Input   32 Bit        Muxes := 2     
	   2 Input   16 Bit        Muxes := 1     
	   4 Input    4 Bit        Muxes := 2     
	  10 Input    4 Bit        Muxes := 1     
	   2 Input    4 Bit        Muxes := 30    
	   2 Input    3 Bit        Muxes := 4     
	   2 Input    2 Bit        Muxes := 3     
	   9 Input    1 Bit        Muxes := 1     
	   4 Input    1 Bit        Muxes := 4     
	   2 Input    1 Bit        Muxes := 2     
---------------------------------------------------------------------------------
Finished RTL Component Statistics 
---------------------------------------------------------------------------------
---------------------------------------------------------------------------------
Start Part Resource Summary
---------------------------------------------------------------------------------
Part Resources:
DSPs: 90 (col length:60)
BRAMs: 100 (col length: RAMB18 60 RAMB36 30)
---------------------------------------------------------------------------------
Finished Part Resource Summary
---------------------------------------------------------------------------------
---------------------------------------------------------------------------------
Start Cross Boundary and Area Optimization
---------------------------------------------------------------------------------
---------------------------------------------------------------------------------
Finished Cross Boundary and Area Optimization : Time (s): cpu = 00:00:17 ; elapsed = 00:00:17 . Memory (MB): peak = 2447.219 ; gain = 741.961 ; free physical = 23700 ; free virtual = 35467
---------------------------------------------------------------------------------
---------------------------------------------------------------------------------
Start ROM, RAM, DSP, Shift Register and Retiming Reporting
---------------------------------------------------------------------------------

Block RAM: Preliminary Mapping Report (see note below)
+------------+-------------------------+------------------------+---+---+------------------------+---+---+------------------+--------+--------+
|Module Name | RTL Object              | PORT A (Depth x Width) | W | R | PORT B (Depth x Width) | W | R | Ports driving FF | RAMB18 | RAMB36 | 
+------------+-------------------------+------------------------+---+---+------------------------+---+---+------------------+--------+--------+
|CPU         | OTTER_MEMORY/memory_reg | 16 K x 32(READ_FIRST)  | W | R | 16 K x 32(WRITE_FIRST) |   | R | Port A and B     | 0      | 16     | 
+------------+-------------------------+------------------------+---+---+------------------------+---+---+------------------+--------+--------+

Note: The table above is a preliminary report that shows the Block RAMs at the current stage of the synthesis flow. Some Block RAMs may be reimplemented as non Block RAM primitives later in the synthesis flow. Multiple instantiated Block RAMs are reported only once. 

Distributed RAM: Preliminary Mapping Report (see note below)
+------------+------------------------+-----------+----------------------+--------------+
|Module Name | RTL Object             | Inference | Size (Depth x Width) | Primitives   | 
+------------+------------------------+-----------+----------------------+--------------+
|CPU         | OTTER_REG_FILE/ram_reg | Implied   | 32 x 32              | RAM32M x 12  | 
+------------+------------------------+-----------+----------------------+--------------+

Note: The table above is a preliminary report that shows the Distributed RAMs at the current stage of the synthesis flow. Some Distributed RAMs may be reimplemented as non Distributed RAM primitives later in the synthesis flow. Multiple instantiated RAMs are reported only once.
---------------------------------------------------------------------------------
Finished ROM, RAM, DSP, Shift Register and Retiming Reporting
---------------------------------------------------------------------------------
---------------------------------------------------------------------------------
Start Applying XDC Timing Constraints
---------------------------------------------------------------------------------
---------------------------------------------------------------------------------
Finished Applying XDC Timing Constraints : Time (s): cpu = 00:00:20 ; elapsed = 00:00:20 . Memory (MB): peak = 2475.219 ; gain = 769.961 ; free physical = 23670 ; free virtual = 35444
---------------------------------------------------------------------------------
---------------------------------------------------------------------------------
Start Timing Optimization
---------------------------------------------------------------------------------
---------------------------------------------------------------------------------
Finished Timing Optimization : Time (s): cpu = 00:00:20 ; elapsed = 00:00:20 . Memory (MB): peak = 2496.250 ; gain = 790.992 ; free physical = 23640 ; free virtual = 35414
---------------------------------------------------------------------------------
---------------------------------------------------------------------------------
Start ROM, RAM, DSP, Shift Register and Retiming Reporting
---------------------------------------------------------------------------------

Block RAM: Final Mapping Report
+------------+-------------------------+------------------------+---+---+------------------------+---+---+------------------+--------+--------+
|Module Name | RTL Object              | PORT A (Depth x Width) | W | R | PORT B (Depth x Width) | W | R | Ports driving FF | RAMB18 | RAMB36 | 
+------------+-------------------------+------------------------+---+---+------------------------+---+---+------------------+--------+--------+
|CPU         | OTTER_MEMORY/memory_reg | 16 K x 32(READ_FIRST)  | W | R | 16 K x 32(WRITE_FIRST) |   | R | Port A and B     | 0      | 16     | 
+------------+-------------------------+------------------------+---+---+------------------------+---+---+------------------+--------+--------+


Distributed RAM: Final Mapping Report
+------------+------------------------+-----------+----------------------+--------------+
|Module Name | RTL Object             | Inference | Size (Depth x Width) | Primitives   | 
+------------+------------------------+-----------+----------------------+--------------+
|CPU         | OTTER_REG_FILE/ram_reg | Implied   | 32 x 32              | RAM32M x 12  | 
+------------+------------------------+-----------+----------------------+--------------+

---------------------------------------------------------------------------------
Finished ROM, RAM, DSP, Shift Register and Retiming Reporting
---------------------------------------------------------------------------------
---------------------------------------------------------------------------------
Start Technology Mapping
---------------------------------------------------------------------------------
INFO: [Synth 8-7052] The timing for the instance CPU/OTTER_MEMORY/memory_reg_bram_0 (implemented as a Block RAM) might be sub-optimal as no optional output register could be merged into the ram block. Providing additional output register may help in improving timing.
INFO: [Synth 8-7052] The timing for the instance CPU/OTTER_MEMORY/memory_reg_bram_0 (implemented as a Block RAM) might be sub-optimal as no optional output register could be merged into the ram block. Providing additional output register may help in improving timing.
INFO: [Synth 8-7052] The timing for the instance CPU/OTTER_MEMORY/memory_reg_bram_1 (implemented as a Block RAM) might be sub-optimal as no optional output register could be merged into the ram block. Providing additional output register may help in improving timing.
INFO: [Synth 8-7052] The timing for the instance CPU/OTTER_MEMORY/memory_reg_bram_1 (implemented as a Block RAM) might be sub-optimal as no optional output register could be merged into the ram block. Providing additional output register may help in improving timing.
INFO: [Synth 8-7052] The timing for the instance CPU/OTTER_MEMORY/memory_reg_bram_2 (implemented as a Block RAM) might be sub-optimal as no optional output register could be merged into the ram block. Providing additional output register may help in improving timing.
INFO: [Synth 8-7052] The timing for the instance CPU/OTTER_MEMORY/memory_reg_bram_2 (implemented as a Block RAM) might be sub-optimal as no optional output register could be merged into the ram block. Providing additional output register may help in improving timing.
INFO: [Synth 8-7052] The timing for the instance CPU/OTTER_MEMORY/memory_reg_bram_3 (implemented as a Block RAM) might be sub-optimal as no optional output register could be merged into the ram block. Providing additional output register may help in improving timing.
INFO: [Synth 8-7052] The timing for the instance CPU/OTTER_MEMORY/memory_reg_bram_3 (implemented as a Block RAM) might be sub-optimal as no optional output register could be merged into the ram block. Providing additional output register may help in improving timing.
INFO: [Synth 8-7052] The timing for the instance CPU/OTTER_MEMORY/memory_reg_bram_4 (implemented as a Block RAM) might be sub-optimal as no optional output register could be merged into the ram block. Providing additional output register may help in improving timing.
INFO: [Synth 8-7052] The timing for the instance CPU/OTTER_MEMORY/memory_reg_bram_4 (implemented as a Block RAM) might be sub-optimal as no optional output register could be merged into the ram block. Providing additional output register may help in improving timing.
INFO: [Synth 8-7052] The timing for the instance CPU/OTTER_MEMORY/memory_reg_bram_5 (implemented as a Block RAM) might be sub-optimal as no optional output register could be merged into the ram block. Providing additional output register may help in improving timing.
INFO: [Synth 8-7052] The timing for the instance CPU/OTTER_MEMORY/memory_reg_bram_5 (implemented as a Block RAM) might be sub-optimal as no optional output register could be merged into the ram block. Providing additional output register may help in improving timing.
INFO: [Synth 8-7052] The timing for the instance CPU/OTTER_MEMORY/memory_reg_bram_6 (implemented as a Block RAM) might be sub-optimal as no optional output register could be merged into the ram block. Providing additional output register may help in improving timing.
INFO: [Synth 8-7052] The timing for the instance CPU/OTTER_MEMORY/memory_reg_bram_6 (implemented as a Block RAM) might be sub-optimal as no optional output register could be merged into the ram block. Providing additional output register may help in improving timing.
INFO: [Synth 8-7052] The timing for the instance CPU/OTTER_MEMORY/memory_reg_bram_7 (implemented as a Block RAM) might be sub-optimal as no optional output register could be merged into the ram block. Providing additional output register may help in improving timing.
INFO: [Synth 8-7052] The timing for the instance CPU/OTTER_MEMORY/memory_reg_bram_7 (implemented as a Block RAM) might be sub-optimal as no optional output register could be merged into the ram block. Providing additional output register may help in improving timing.
INFO: [Synth 8-7052] The timing for the instance CPU/OTTER_MEMORY/memory_reg_bram_8 (implemented as a Block RAM) might be sub-optimal as no optional output register could be merged into the ram block. Providing additional output register may help in improving timing.
INFO: [Synth 8-7052] The timing for the instance CPU/OTTER_MEMORY/memory_reg_bram_8 (implemented as a Block RAM) might be sub-optimal as no optional output register could be merged into the ram block. Providing additional output register may help in improving timing.
INFO: [Synth 8-7052] The timing for the instance CPU/OTTER_MEMORY/memory_reg_bram_9 (implemented as a Block RAM) might be sub-optimal as no optional output register could be merged into the ram block. Providing additional output register may help in improving timing.
INFO: [Synth 8-7052] The timing for the instance CPU/OTTER_MEMORY/memory_reg_bram_9 (implemented as a Block RAM) might be sub-optimal as no optional output register could be merged into the ram block. Providing additional output register may help in improving timing.
INFO: [Synth 8-7052] The timing for the instance CPU/OTTER_MEMORY/memory_reg_bram_10 (implemented as a Block RAM) might be sub-optimal as no optional output register could be merged into the ram block. Providing additional output register may help in improving timing.
INFO: [Synth 8-7052] The timing for the instance CPU/OTTER_MEMORY/memory_reg_bram_10 (implemented as a Block RAM) might be sub-optimal as no optional output register could be merged into the ram block. Providing additional output register may help in improving timing.
INFO: [Synth 8-7052] The timing for the instance CPU/OTTER_MEMORY/memory_reg_bram_11 (implemented as a Block RAM) might be sub-optimal as no optional output register could be merged into the ram block. Providing additional output register may help in improving timing.
INFO: [Synth 8-7052] The timing for the instance CPU/OTTER_MEMORY/memory_reg_bram_11 (implemented as a Block RAM) might be sub-optimal as no optional output register could be merged into the ram block. Providing additional output register may help in improving timing.
INFO: [Synth 8-7052] The timing for the instance CPU/OTTER_MEMORY/memory_reg_bram_12 (implemented as a Block RAM) might be sub-optimal as no optional output register could be merged into the ram block. Providing additional output register may help in improving timing.
INFO: [Synth 8-7052] The timing for the instance CPU/OTTER_MEMORY/memory_reg_bram_12 (implemented as a Block RAM) might be sub-optimal as no optional output register could be merged into the ram block. Providing additional output register may help in improving timing.
INFO: [Synth 8-7052] The timing for the instance CPU/OTTER_MEMORY/memory_reg_bram_13 (implemented as a Block RAM) might be sub-optimal as no optional output register could be merged into the ram block. Providing additional output register may help in improving timing.
INFO: [Synth 8-7052] The timing for the instance CPU/OTTER_MEMORY/memory_reg_bram_13 (implemented as a Block RAM) might be sub-optimal as no optional output register could be merged into the ram block. Providing additional output register may help in improving timing.
INFO: [Synth 8-7052] The timing for the instance CPU/OTTER_MEMORY/memory_reg_bram_14 (implemented as a Block RAM) might be sub-optimal as no optional output register could be merged into the ram block. Providing additional output register may help in improving timing.
INFO: [Synth 8-7052] The timing for the instance CPU/OTTER_MEMORY/memory_reg_bram_14 (implemented as a Block RAM) might be sub-optimal as no optional output register could be merged into the ram block. Providing additional output register may help in improving timing.
INFO: [Synth 8-7052] The timing for the instance CPU/OTTER_MEMORY/memory_reg_bram_15 (implemented as a Block RAM) might be sub-optimal as no optional output register could be merged into the ram block. Providing additional output register may help in improving timing.
INFO: [Synth 8-7052] The timing for the instance CPU/OTTER_MEMORY/memory_reg_bram_15 (implemented as a Block RAM) might be sub-optimal as no optional output register could be merged into the ram block. Providing additional output register may help in improving timing.
---------------------------------------------------------------------------------
Finished Technology Mapping : Time (s): cpu = 00:00:20 ; elapsed = 00:00:20 . Memory (MB): peak = 2525.266 ; gain = 820.008 ; free physical = 23609 ; free virtual = 35383
---------------------------------------------------------------------------------
---------------------------------------------------------------------------------
Start IO Insertion
---------------------------------------------------------------------------------
---------------------------------------------------------------------------------
Start Flattening Before IO Insertion
---------------------------------------------------------------------------------
---------------------------------------------------------------------------------
Finished Flattening Before IO Insertion
---------------------------------------------------------------------------------
---------------------------------------------------------------------------------
Start Final Netlist Cleanup
---------------------------------------------------------------------------------
---------------------------------------------------------------------------------
Finished Final Netlist Cleanup
---------------------------------------------------------------------------------
---------------------------------------------------------------------------------
Finished IO Insertion : Time (s): cpu = 00:00:22 ; elapsed = 00:00:22 . Memory (MB): peak = 2672.078 ; gain = 966.820 ; free physical = 23489 ; free virtual = 35268
---------------------------------------------------------------------------------
---------------------------------------------------------------------------------
Start Renaming Generated Instances
---------------------------------------------------------------------------------
---------------------------------------------------------------------------------
Finished Renaming Generated Instances : Time (s): cpu = 00:00:22 ; elapsed = 00:00:22 . Memory (MB): peak = 2672.078 ; gain = 966.820 ; free physical = 23489 ; free virtual = 35268
---------------------------------------------------------------------------------
---------------------------------------------------------------------------------
Start Rebuilding User Hierarchy
---------------------------------------------------------------------------------
---------------------------------------------------------------------------------
Finished Rebuilding User Hierarchy : Time (s): cpu = 00:00:22 ; elapsed = 00:00:22 . Memory (MB): peak = 2672.078 ; gain = 966.820 ; free physical = 23488 ; free virtual = 35267
---------------------------------------------------------------------------------
---------------------------------------------------------------------------------
Start Renaming Generated Ports
---------------------------------------------------------------------------------
---------------------------------------------------------------------------------
Finished Renaming Generated Ports : Time (s): cpu = 00:00:22 ; elapsed = 00:00:22 . Memory (MB): peak = 2672.078 ; gain = 966.820 ; free physical = 23488 ; free virtual = 35267
---------------------------------------------------------------------------------
---------------------------------------------------------------------------------
Start Handling Custom Attributes
---------------------------------------------------------------------------------
---------------------------------------------------------------------------------
Finished Handling Custom Attributes : Time (s): cpu = 00:00:22 ; elapsed = 00:00:22 . Memory (MB): peak = 2675.047 ; gain = 969.789 ; free physical = 23488 ; free virtual = 35267
---------------------------------------------------------------------------------
---------------------------------------------------------------------------------
Start Renaming Generated Nets
---------------------------------------------------------------------------------
---------------------------------------------------------------------------------
Finished Renaming Generated Nets : Time (s): cpu = 00:00:22 ; elapsed = 00:00:22 . Memory (MB): peak = 2675.047 ; gain = 969.789 ; free physical = 23488 ; free virtual = 35267
---------------------------------------------------------------------------------
---------------------------------------------------------------------------------
Start Writing Synthesis Report
---------------------------------------------------------------------------------

Report BlackBoxes: 
+-+--------------+----------+
| |BlackBox name |Instances |
+-+--------------+----------+
+-+--------------+----------+

Report Cell Usage: 
+------+---------+------+
|      |Cell     |Count |
+------+---------+------+
|1     |BUFG     |     2|
|2     |CARRY4   |    77|
|3     |LUT1     |     7|
|4     |LUT2     |   193|
|5     |LUT3     |    92|
|6     |LUT4     |   233|
|7     |LUT5     |   215|
|8     |LUT6     |   730|
|9     |MUXF7    |   111|
|10    |MUXF8    |    52|
|11    |RAM32M   |    10|
|12    |RAM32X1D |     4|
|13    |RAMB36E1 |    16|
|14    |FDRE     |   155|
|15    |FDSE     |     5|
|16    |IBUF     |    18|
|17    |OBUF     |    28|
+------+---------+------+
---------------------------------------------------------------------------------
Finished Writing Synthesis Report : Time (s): cpu = 00:00:22 ; elapsed = 00:00:22 . Memory (MB): peak = 2675.047 ; gain = 969.789 ; free physical = 23488 ; free virtual = 35267
---------------------------------------------------------------------------------
Synthesis finished with 0 errors, 1 critical warnings and 0 warnings.
Synthesis Optimization Runtime : Time (s): cpu = 00:00:21 ; elapsed = 00:00:22 . Memory (MB): peak = 2675.047 ; gain = 868.016 ; free physical = 23487 ; free virtual = 35266
Synthesis Optimization Complete : Time (s): cpu = 00:00:22 ; elapsed = 00:00:23 . Memory (MB): peak = 2675.055 ; gain = 969.789 ; free physical = 23487 ; free virtual = 35266
INFO: [Project 1-571] Translating synthesized netlist
Netlist sorting complete. Time (s): cpu = 00:00:02 ; elapsed = 00:00:00.01 . Memory (MB): peak = 2675.055 ; gain = 0.000 ; free physical = 23656 ; free virtual = 35439
INFO: [Netlist 29-17] Analyzing 270 Unisim elements for replacement
INFO: [Netlist 29-28] Unisim Transformation completed in 0 CPU seconds
INFO: [Project 1-570] Preparing netlist for logic optimization
INFO: [Opt 31-138] Pushed 0 inverter(s) to 0 load pin(s).
Netlist sorting complete. Time (s): cpu = 00:00:00 ; elapsed = 00:00:00 . Memory (MB): peak = 2731.074 ; gain = 0.000 ; free physical = 23655 ; free virtual = 35434
INFO: [Project 1-111] Unisim Transformation Summary:
  A total of 14 instances were transformed.
  RAM32M => RAM32M (RAMD32(x6), RAMS32(x2)): 10 instances
  RAM32X1D => RAM32X1D (RAMD32(x2)): 4 instances

Synth Design complete | Checksum: b237a93b
INFO: [Common 17-83] Releasing license: Synthesis
99 Infos, 0 Warnings, 2 Critical Warnings and 0 Errors encountered.
synth_design completed successfully
synth_design: Time (s): cpu = 00:00:27 ; elapsed = 00:00:26 . Memory (MB): peak = 2731.109 ; gain = 1116.188 ; free physical = 23656 ; free virtual = 35434
INFO: [Common 17-2834] synth_design peak Physical Memory [PSS] (MB): overall = 1857.082; main = 1820.284; forked = 280.497
INFO: [Common 17-2834] synth_design peak Virtual Memory [VSS] (MB): overall = 3472.391; main = 2731.078; forked = 995.168
INFO: [runtcl-6] Synthesis results are not added to the cache due to CRITICAL_WARNING
Write ShapeDB Complete: Time (s): cpu = 00:00:00.01 ; elapsed = 00:00:00 . Memory (MB): peak = 2755.086 ; gain = 0.000 ; free physical = 23655 ; free virtual = 35434
INFO: [Common 17-1381] The checkpoint '/home/whirck/Desktop/Sources/2026_Summer/CPE333/02_labs/00_support/OTTER/OTTER_Diego_Curiel/Multicycle_OTTER/Multicycle_OTTER.runs/synth_1/OTTER_Wrapper.dcp' has been generated.
INFO: [Vivado 12-24828] Executing command : report_utilization -file OTTER_Wrapper_utilization_synth.rpt -pb OTTER_Wrapper_utilization_synth.pb
INFO: [Common 17-206] Exiting Vivado at Tue Jun 30 22:54:44 2026...
