Vivado Simulator v2025.2
Copyright 1986-2022 Xilinx, Inc. All Rights Reserved.
Copyright 2022-2025 Advanced Micro Devices, Inc. All Rights Reserved.
Running: /home/whirck/AMD/2025.2/Vivado/bin/unwrapped/lnx64.o/xelab --incr --debug typical --relax --mt 8 --maxdelay -L xil_defaultlib -L uvm -L simprims_ver -L secureip --snapshot simMCycleOtter_time_impl -transport_int_delays -pulse_r 0 -pulse_int_r 0 -pulse_e 0 -pulse_int_e 0 xil_defaultlib.simMCycleOtter xil_defaultlib.glbl -log elaborate.log 
Using 8 slave threads.
WARNING: [XSIM 43-3431] One or more environment variables have been detected which affect the operation of the C compiler. These are typically not set in standard installations and are not tested by AMD, however they may be appropriate for your system, so the flow will attempt to continue.  If errors occur, try running xelab with the "-mt off -v 1" switches to see more information from the C compiler. The following environment variables have been detected:
Starting static elaboration
Pass Through NonSizing Optimizer
Completed static elaboration
Starting simulation data flow analysis
Completed simulation data flow analysis
INFO: [XSIM 43-3451] SDF backannotation process started with SDF file "simMCycleOtter_time_impl.sdf", for root module "simMCycleOtter/DUT".
INFO: [XSIM 43-3452] SDF backannotation was successful for SDF file "simMCycleOtter_time_impl.sdf", for root module "simMCycleOtter/DUT".
Time Resolution for simulation is 1ps
Compiling module simprims_ver.OBUF
Compiling module simprims_ver.IBUF
Compiling module simprims_ver.BUFG
Compiling module simprims_ver.CARRY4
Compiling module simprims_ver.x_lut2_mux4
Compiling module simprims_ver.LUT2
Compiling module simprims_ver.LUT6
Compiling module xil_defaultlib.ALU
Compiling module xil_defaultlib.BAG
Compiling module xil_defaultlib.BCG
Compiling module simprims_ver.LUT5
Compiling module simprims_ver.FDSE_default
Compiling module simprims_ver.FDRE_default
Compiling module xil_defaultlib.CU_FSM
Compiling module simprims_ver.x_lut3_mux8
Compiling module simprims_ver.LUT3
Compiling module simprims_ver.LUT4
Compiling module simprims_ver.MUXF7
Compiling module simprims_ver.MUXF8
Compiling module simprims_ver.RB36_INTERNAL_VLOG(READ_WIDTH_A=...
Compiling module simprims_ver.RAMB36E1(INIT_00=256'b1111111111...
Compiling module simprims_ver.RB36_INTERNAL_VLOG(READ_WIDTH_A=...
Compiling module simprims_ver.RAMB36E1(INIT_00=256'b0100000000...
Compiling module simprims_ver.RB36_INTERNAL_VLOG(READ_WIDTH_A=...
Compiling module simprims_ver.RAMB36E1(READ_WIDTH_A=36,READ_WI...
Compiling module simprims_ver.RB36_INTERNAL_VLOG(READ_WIDTH_A=...
Compiling module simprims_ver.RAMB36E1(INIT_00=256'b0100100001...
Compiling module simprims_ver.RB36_INTERNAL_VLOG(READ_WIDTH_A=...
Compiling module simprims_ver.RAMB36E1(INIT_00=256'b0110000000...
Compiling module xil_defaultlib.Memory
Compiling module simprims_ver.x_lut1_mux2
Compiling module simprims_ver.LUT1
Compiling module xil_defaultlib.PC_REG
Compiling module xil_defaultlib.PC
Compiling module simprims_ver.RAMD32
Compiling module simprims_ver.RAMS32
Compiling module xil_defaultlib.RAM32M_UNIQ_BASE_
Compiling module xil_defaultlib.RAM32M_HD25
Compiling module xil_defaultlib.RAM32M_HD26
Compiling module xil_defaultlib.RAM32M_HD27
Compiling module xil_defaultlib.RAM32X1D_UNIQ_BASE_
Compiling module xil_defaultlib.RAM32X1D_HD28
Compiling module xil_defaultlib.RAM32M_HD29
Compiling module xil_defaultlib.RAM32M_HD30
Compiling module xil_defaultlib.RAM32M_HD31
Compiling module xil_defaultlib.RAM32M_HD32
Compiling module xil_defaultlib.RAM32M_HD33
Compiling module xil_defaultlib.RAM32X1D_HD34
Compiling module xil_defaultlib.RAM32X1D_HD35
Compiling module xil_defaultlib.RAM32M_HD36
Compiling module xil_defaultlib.REG_FILE
Compiling module xil_defaultlib.OTTER
Compiling module xil_defaultlib.CathodeDriver
Compiling module xil_defaultlib.SevSegDisp
Compiling module xil_defaultlib.OTTER_Wrapper
Compiling module xil_defaultlib.simMCycleOtter
Compiling module xil_defaultlib.glbl
Built simulation snapshot simMCycleOtter_time_impl
